Compile error: b'/tmp/submissioni8p87t6l/update_if_greater.cpp:17:1: fatal error: static_assert failed due to requirement \'std::is_convertible_v<belts::detected_t<Member0, int, int &>, void>\' "Function void UpdateIfGreater(int, int&) not found in your submission"\nCHECK_FUNCTION(UpdateIfGreater, void, int, int&);\n^~~~~~~~~~~~~~~~~~~~~~~~~~~~~~~~~~~~~~~~~~~~~~~~\ninclude/detector.h:257:3: note: expanded from macro \'CHECK_FUNCTION\'\n  __CHECK_FUNCTION_IMPL(__COUNTER__, function_name, return_type, ##__VA_ARGS__)\n  ^~~~~~~~~~~~~~~~~~~~~~~~~~~~~~~~~~~~~~~~~~~~~~~~~~~~~~~~~~~~~~~~~~~~~~~~~~~~~\ninclude/detector.h:120:3: note: expanded from macro \'__CHECK_FUNCTION_IMPL\'\n  __CHECK_FUNCTION_IMPL_2(suffix, function_name, return_type, ##__VA_ARGS__)\n  ^~~~~~~~~~~~~~~~~~~~~~~~~~~~~~~~~~~~~~~~~~~~~~~~~~~~~~~~~~~~~~~~~~~~~~~~~~\ninclude/detector.h:96:3: note: expanded from macro \'__CHECK_FUNCTION_IMPL_2\'\n  static_assert(                                                                            \\\n  ^\n1 error generated.\n'

--------------------------------------------------------------------------------------------------------

Compile error: b'/tmp/submission0bwsvo5p/update_if_greater.cpp:18:1: fatal error: static_assert failed due to requirement \'std::is_convertible_v<belts::detected_t<Member0, int, int &>, void>\' "Function void UpdateIfGreater(int, int&) not found in your submission"\nCHECK_FUNCTION(UpdateIfGreater, void, int, int&);\n^~~~~~~~~~~~~~~~~~~~~~~~~~~~~~~~~~~~~~~~~~~~~~~~\ninclude/detector.h:257:3: note: expanded from macro \'CHECK_FUNCTION\'\n  __CHECK_FUNCTION_IMPL(__COUNTER__, function_name, return_type, ##__VA_ARGS__)\n  ^~~~~~~~~~~~~~~~~~~~~~~~~~~~~~~~~~~~~~~~~~~~~~~~~~~~~~~~~~~~~~~~~~~~~~~~~~~~~\ninclude/detector.h:120:3: note: expanded from macro \'__CHECK_FUNCTION_IMPL\'\n  __CHECK_FUNCTION_IMPL_2(suffix, function_name, return_type, ##__VA_ARGS__)\n  ^~~~~~~~~~~~~~~~~~~~~~~~~~~~~~~~~~~~~~~~~~~~~~~~~~~~~~~~~~~~~~~~~~~~~~~~~~\ninclude/detector.h:96:3: note: expanded from macro \'__CHECK_FUNCTION_IMPL_2\'\n  static_assert(                                                                            \\\n  ^\n1 error generated.\n'